<?xml version="1.0" encoding="UTF-8"?>
<!-- Generated by org.testng.reporters.JUnitReportReporter -->
<testsuite skipped="0" hostname="DESKTOP-7F87TLR" name="online.qastudy.automationpractice.RunCucumberTest" tests="1" failures="0" timestamp="2020-07-06T19:23:13 EEST" time="21.013" errors="0">
  <testcase name="runScenario" time="21.013" classname="online.qastudy.automationpractice.RunCucumberTest"/>
</testsuite> <!-- online.qastudy.automationpractice.RunCucumberTest -->
