<?xml version="1.0" encoding="UTF-8"?>
<!-- Generated by org.testng.reporters.JUnitReportReporter -->
<testsuite skipped="0" hostname="DESKTOP-7F87TLR" name="online.qastudy.automationpractice.ShopTest" tests="2" failures="0" timestamp="2020-07-08T18:48:33 EEST" time="51.517" errors="0">
  <testcase name="canCheckTotlaPriceForTShirt" time="35.349" classname="online.qastudy.automationpractice.ShopTest"/>
  <testcase name="canCheckTotlaPriceForTShirt" time="16.168" classname="online.qastudy.automationpractice.ShopTest"/>
</testsuite> <!-- online.qastudy.automationpractice.ShopTest -->
