<?xml version="1.0" encoding="UTF-8"?>
<!-- Generated by org.testng.reporters.JUnitReportReporter -->
<testsuite skipped="0" hostname="DESKTOP-7F87TLR" name="online.qastudy.automationpractice.ShopTest" tests="1" failures="0" timestamp="2020-07-06T20:47:23 EEST" time="20.747" errors="0">
  <testcase name="canCheckTotalPriceForTShirt" time="20.747" classname="online.qastudy.automationpractice.ShopTest"/>
</testsuite> <!-- online.qastudy.automationpractice.ShopTest -->
