<?xml version="1.0" encoding="UTF-8"?>
<!-- Generated by org.testng.reporters.JUnitReportReporter -->
<testsuite skipped="0" hostname="DESKTOP-7F87TLR" name="online.qastudy.automationpractice.RegistrationTest" tests="4" failures="0" timestamp="2020-07-06T20:53:54 EEST" time="86.093" errors="0">
  <testcase name="canCreateNewAccountChain" time="19.817" classname="online.qastudy.automationpractice.RegistrationTest"/>
  <testcase name="canCreateNewAccount" time="19.747" classname="online.qastudy.automationpractice.RegistrationTest"/>
  <testcase name="canCreateNewAccountChain" time="22.489" classname="online.qastudy.automationpractice.RegistrationTest"/>
  <testcase name="canCreateNewAccountChain" time="24.040" classname="online.qastudy.automationpractice.RegistrationTest"/>
</testsuite> <!-- online.qastudy.automationpractice.RegistrationTest -->
